0 info it worked if it ends with ok
1 verbose cli [ '/Users/adamlong/.nvm/versions/node/v6.1.0/bin/node',
1 verbose cli   '/Users/adamlong/.nvm/versions/node/v6.1.0/bin/npm',
1 verbose cli   'run',
1 verbose cli   'build' ]
2 info using npm@3.8.6
3 info using node@v6.1.0
4 verbose run-script [ 'prebuild', 'build', 'postbuild' ]
5 info lifecycle draft-js-import-html@0.2.0~prebuild: draft-js-import-html@0.2.0
6 silly lifecycle draft-js-import-html@0.2.0~prebuild: no script for prebuild, continuing
7 info lifecycle draft-js-import-html@0.2.0~build: draft-js-import-html@0.2.0
8 verbose lifecycle draft-js-import-html@0.2.0~build: unsafe-perm in lifecycle true
9 verbose lifecycle draft-js-import-html@0.2.0~build: PATH: /Users/adamlong/.nvm/versions/node/v6.1.0/lib/node_modules/npm/bin/node-gyp-bin:/Users/adamlong/Dropbox/Apps/draft-js-import-html/node_modules/.bin:/Users/adamlong/.nvm/versions/node/v6.1.0/bin:/Users/adamlong/.nvm/versions/node/v6.1.0/bin:/Users/adamlong/.rbenv/shims:/Users/adamlong/.rbenv/bin:/usr/local/bin:/usr/bin:/bin:/usr/sbin:/sbin
10 verbose lifecycle draft-js-import-html@0.2.0~build: CWD: /Users/adamlong/Dropbox/Apps/draft-js-import-html
11 silly lifecycle draft-js-import-html@0.2.0~build: Args: [ '-c', 'babel src --ignore \'_*\' --out-dir lib' ]
12 silly lifecycle draft-js-import-html@0.2.0~build: Returned: code: 1  signal: null
13 info lifecycle draft-js-import-html@0.2.0~build: Failed to exec build script
14 verbose stack Error: draft-js-import-html@0.2.0 build: `babel src --ignore '_*' --out-dir lib`
14 verbose stack Exit status 1
14 verbose stack     at EventEmitter.<anonymous> (/Users/adamlong/.nvm/versions/node/v6.1.0/lib/node_modules/npm/lib/utils/lifecycle.js:239:16)
14 verbose stack     at emitTwo (events.js:106:13)
14 verbose stack     at EventEmitter.emit (events.js:191:7)
14 verbose stack     at ChildProcess.<anonymous> (/Users/adamlong/.nvm/versions/node/v6.1.0/lib/node_modules/npm/lib/utils/spawn.js:24:14)
14 verbose stack     at emitTwo (events.js:106:13)
14 verbose stack     at ChildProcess.emit (events.js:191:7)
14 verbose stack     at maybeClose (internal/child_process.js:850:16)
14 verbose stack     at Process.ChildProcess._handle.onexit (internal/child_process.js:215:5)
15 verbose pkgid draft-js-import-html@0.2.0
16 verbose cwd /Users/adamlong/Dropbox/Apps/draft-js-import-html
17 error Darwin 15.6.0
18 error argv "/Users/adamlong/.nvm/versions/node/v6.1.0/bin/node" "/Users/adamlong/.nvm/versions/node/v6.1.0/bin/npm" "run" "build"
19 error node v6.1.0
20 error npm  v3.8.6
21 error code ELIFECYCLE
22 error draft-js-import-html@0.2.0 build: `babel src --ignore '_*' --out-dir lib`
22 error Exit status 1
23 error Failed at the draft-js-import-html@0.2.0 build script 'babel src --ignore '_*' --out-dir lib'.
23 error Make sure you have the latest version of node.js and npm installed.
23 error If you do, this is most likely a problem with the draft-js-import-html package,
23 error not with npm itself.
23 error Tell the author that this fails on your system:
23 error     babel src --ignore '_*' --out-dir lib
23 error You can get information on how to open an issue for this project with:
23 error     npm bugs draft-js-import-html
23 error Or if that isn't available, you can get their info via:
23 error     npm owner ls draft-js-import-html
23 error There is likely additional logging output above.
24 verbose exit [ 1, true ]
